<?xml version="1.0" encoding="UTF-8"?>
<!-- Generated by org.testng.reporters.JUnitReportReporter -->
<testsuite hostname="LAPTOP-TBINTVVH" failures="0" tests="1" name="test.ChangeAccountInfoTest" time="50.381" errors="0" timestamp="2021-10-26T22:24:06 EDT" skipped="0">
  <testcase classname="test.ChangeAccountInfoTest" name="validUserShouldBeAbleToChangeAccountInfo" time="50.381"/>
  <system-out/>
</testsuite> <!-- test.ChangeAccountInfoTest -->
