<?xml version="1.0" encoding="UTF-8"?>
<!-- Generated by org.testng.reporters.JUnitReportReporter -->
<testsuite hostname="LAPTOP-TBINTVVH" failures="0" tests="1" name="test.LoginTest" time="16.734" errors="0" timestamp="2021-10-24T16:13:12 EDT" skipped="0">
  <testcase classname="test.LoginTest" name="validuserShouldBeAbleToLogin" time="16.734"/>
  <system-out/>
</testsuite> <!-- test.LoginTest -->
